<?xml version="1.0" encoding="UTF-8" ?>
<testsuite errors="0" skipped="0" tests="1" time="0.025" failures="0" name="de.fh_fortmund.cw.kniffel.ejb3.service.AppTest">
  <properties>
    <property value="Apple Inc." name="java.vendor"/>
    <property value="/Users/tbs/.m2/repository" name="localRepository"/>
    <property value="SUN_STANDARD" name="sun.java.launcher"/>
    <property value="HotSpot Client Compiler" name="sun.management.compiler"/>
    <property value="d207a0" name="env.SECURITYSESSIONID"/>
    <property value="Mac OS X" name="os.name"/>
    <property value="/System/Library/Frameworks/JavaVM.framework/Versions/1.5.0/Classes/classes.jar:/System/Library/Frameworks/JavaVM.framework/Versions/1.5.0/Classes/ui.jar:/System/Library/Frameworks/JavaVM.framework/Versions/1.5.0/Classes/laf.jar:/System/Library/Frameworks/JavaVM.framework/Versions/1.5.0/Classes/sunrsasign.jar:/System/Library/Frameworks/JavaVM.framework/Versions/1.5.0/Classes/jsse.jar:/System/Library/Frameworks/JavaVM.framework/Versions/1.5.0/Classes/jce.jar:/System/Library/Frameworks/JavaVM.framework/Versions/1.5.0/Classes/charsets.jar" name="sun.boot.class.path"/>
    <property value="/var/folders/Up/Up6N2nEhHEujnr7i+lMiUU+++TI/-Tmp-/" name="env.TMPDIR"/>
    <property value="/Users/tbs/Documents/Studium/Bachelor/468xx Component Ware/workspace_kniffel/kniffel" name="env.PWD"/>
    <property value="de_DE.UTF-8" name="env.LANG"/>
    <property value="Sun Microsystems Inc." name="java.vm.specification.vendor"/>
    <property value="1.5.0_16-b06-284" name="java.runtime.version"/>
    <property value="/tmp/launch-Lyx0t2/Render" name="env.Apple_PubSub_Socket_Render"/>
    <property value="/tmp/launch-WwzkLi/:0" name="env.DISPLAY"/>
    <property value="tbs" name="user.name"/>
    <property value="tbs" name="env.USER"/>
    <property value="/bin/bash" name="env.SHELL"/>
    <property value="0x1F5:0:3" name="env.__CF_USER_TEXT_ENCODING"/>
    <property value="true" name="awt.nativeDoubleBuffering"/>
    <property value="/usr/bin:/bin:/usr/sbin:/sbin:/usr/local/bin:/usr/X11/bin" name="env.PATH"/>
    <property value="de" name="user.language"/>
    <property value="/System/Library/Frameworks/JavaVM.framework/Versions/1.5.0/Libraries" name="sun.boot.library.path"/>
    <property value="/Users/tbs/Library/Apache/Maven/Current/bin/m2.conf" name="classworlds.conf"/>
    <property value="1.5.0_16" name="java.version"/>
    <property value="Europe/Berlin" name="user.timezone"/>
    <property value="32" name="sun.arch.data.model"/>
    <property value="local|*.local|169.254/16|*.169.254/16" name="http.nonProxyHosts"/>
    <property value="/System/Library/Frameworks/JavaVM.framework/Versions/1.5.0/Home/lib/endorsed" name="java.endorsed.dirs"/>
    <property value="" name="sun.cpu.isalist"/>
    <property value="MacRoman" name="sun.jnu.encoding"/>
    <property value="sun.io" name="file.encoding.pkg"/>
    <property value="1" name="env.SHLVL"/>
    <property value="/" name="file.separator"/>
    <property value="Java Platform API Specification" name="java.specification.name"/>
    <property value="49.0" name="java.class.version"/>
    <property value="DE" name="user.country"/>
    <property value="/System/Library/Frameworks/JavaVM.framework/Versions/1.5.0/Home" name="java.home"/>
    <property value="mixed mode, sharing" name="java.vm.info"/>
    <property value="tbs" name="env.LOGNAME"/>
    <property value="10.5.5" name="os.version"/>
    <property value="240" name="env.TERM_PROGRAM_VERSION"/>
    <property value=":" name="path.separator"/>
    <property value="1.5.0_16-133" name="java.vm.version"/>
    <property value="org.codehaus.classworlds.Launcher" name="env.JAVA_MAIN_CLASS_3416"/>
    <property value="apple.awt.CPrinterJob" name="java.awt.printerjob"/>
    <property value="xterm-color" name="env.TERM"/>
    <property value="UnicodeLittle" name="sun.io.unicode.encoding"/>
    <property value="apple.awt.CToolkit" name="awt.toolkit"/>
    <property value="local|*.local|169.254/16|*.169.254/16" name="socksNonProxyHosts"/>
    <property value="local|*.local|169.254/16|*.169.254/16" name="ftp.nonProxyHosts"/>
    <property value="/usr/share/man:/usr/local/share/man:/usr/X11/man" name="env.MANPATH"/>
    <property value="/Users/tbs" name="user.home"/>
    <property value="Sun Microsystems Inc." name="java.specification.vendor"/>
    <property value="Apple_Terminal" name="env.TERM_PROGRAM"/>
    <property value="/Users/tbs/Library/Apache/Maven/Current" name="env.M2_HOME"/>
    <property value=".:/Library/Java/Extensions:/System/Library/Java/Extensions:/usr/lib/java" name="java.library.path"/>
    <property value="http://www.apple.com/" name="java.vendor.url"/>
    <property value="Apple Inc." name="java.vm.vendor"/>
    <property value="false" name="gopherProxySet"/>
    <property value="/Users/tbs/.m2/repository" name="env.M2_REPO"/>
    <property value="/Users/tbs/Library/Apache/Maven/Current" name="maven.home"/>
    <property value="Java(TM) 2 Runtime Environment, Standard Edition" name="java.runtime.name"/>
    <property value="/Users/tbs/Library/Apache/Maven/Current/boot/classworlds-1.1.jar" name="java.class.path"/>
    <property value="/Users/tbs/Library/JBoss/Current" name="env.JBOSS_HOME"/>
    <property value="Java Virtual Machine Specification" name="java.vm.specification.name"/>
    <property value="1.0" name="java.vm.specification.version"/>
    <property value="little" name="sun.cpu.endian"/>
    <property value="unknown" name="sun.os.patch.level"/>
    <property value="/Users/tbs" name="env.HOME"/>
    <property value="/Users/tbs/Documents/Studium/Bachelor/468xx Component Ware/workspace_kniffel/kniffel/service/target/test-classes:/Users/tbs/Documents/Studium/Bachelor/468xx Component Ware/workspace_kniffel/kniffel/service/target/classes:/Users/tbs/.m2/repository/junit/junit/3.8.1/junit-3.8.1.jar:" name="surefire.test.class.path"/>
    <property value="/tmp" name="java.io.tmpdir"/>
    <property value="http://bugreport.apple.com/" name="java.vendor.url.bug"/>
    <property value="/tmp/launch-sve5PP/Listeners" name="env.SSH_AUTH_SOCK"/>
    <property value="unix2003" name="env.COMMAND_MODE"/>
    <property value="apple.awt.CGraphicsEnvironment" name="java.awt.graphicsenv"/>
    <property value="i386" name="os.arch"/>
    <property value="/Library/Java/Extensions:/System/Library/Java/Extensions:/System/Library/Frameworks/JavaVM.framework/Versions/1.5.0/Home/lib/ext" name="java.ext.dirs"/>
    <property value="/Users/tbs/Documents/Studium/Bachelor/468xx Component Ware/workspace_kniffel/kniffel/service" name="user.dir"/>
    <property value="1050.1.5.0_16-284" name="mrj.version"/>
    <property value="
" name="line.separator"/>
    <property value="Java HotSpot(TM) Client VM" name="java.vm.name"/>
    <property value="/Users/tbs/Documents/Studium/Bachelor/468xx Component Ware/workspace_kniffel/kniffel/service" name="basedir"/>
    <property value="MacRoman" name="file.encoding"/>
    <property value="1.5" name="java.specification.version"/>
  </properties>
  <testcase classname="de.fh_fortmund.cw.kniffel.ejb3.service.AppTest" time="0.004" name="testApp"/>
</testsuite>